#
# There is insufficient memory for the Java Runtime Environment to continue.
# Native memory allocation (malloc) failed to allocate 2070896 bytes for Chunk::new
# Possible reasons:
#   The system is out of physical RAM or swap space
#   The process is running with CompressedOops enabled, and the Java Heap may be blocking the growth of the native heap
# Possible solutions:
#   Reduce memory load on the system
#   Increase physical memory or swap space
#   Check if swap backing store is full
#   Decrease Java heap size (-Xmx/-Xms)
#   Decrease number of Java threads
#   Decrease Java thread stack sizes (-Xss)
#   Set larger code cache with -XX:ReservedCodeCacheSize=
#   JVM is running with Unscaled Compressed Oops mode in which the Java heap is
#     placed in the first 4GB address space. The Java Heap base address is the
#     maximum limit for the native heap growth. Please use -XX:HeapBaseMinAddress
#     to set the Java Heap base and to place the Java Heap above 4GB virtual address.
# This output file may be truncated or incomplete.
#
#  Out of Memory Error (src/hotspot/share/memory/arena.cpp:197), pid=14320, tid=892
#
# JRE version: OpenJDK Runtime Environment (11.0.15) (build 11.0.15+0-b2043.56-8887301)
# Java VM: OpenJDK 64-Bit Server VM (11.0.15+0-b2043.56-8887301, mixed mode, tiered, compressed oops, g1 gc, windows-amd64)
# No core dump will be written. Minidumps are not enabled by default on client versions of Windows
#

---------------  S U M M A R Y ------------

Command Line: --add-opens=java.base/java.util=ALL-UNNAMED --add-opens=java.base/java.lang=ALL-UNNAMED --add-opens=java.base/java.lang.invoke=ALL-UNNAMED --add-opens=java.base/java.util=ALL-UNNAMED --add-opens=java.prefs/java.util.prefs=ALL-UNNAMED --add-opens=java.prefs/java.util.prefs=ALL-UNNAMED --add-opens=java.base/java.nio.charset=ALL-UNNAMED --add-opens=java.base/java.net=ALL-UNNAMED --add-opens=java.base/java.util.concurrent.atomic=ALL-UNNAMED -Xmx2048m -Dfile.encoding=UTF-8 -Duser.country=RU -Duser.language=ru -Duser.variant org.gradle.launcher.daemon.bootstrap.GradleDaemon 7.5

Host: Intel(R) Core(TM) i7-9700 CPU @ 3.00GHz, 8 cores, 15G,  Windows 10 , 64 bit Build 17763 (10.0.17763.4377)
Time: Fri Jun 23 09:47:12 2023 ќмское стандартное врем€ elapsed time: 1006.961602 seconds (0d 0h 16m 46s)

---------------  T H R E A D  ---------------

Current thread (0x0000028c96e12800):  JavaThread "C2 CompilerThread2" daemon [_thread_in_native, id=892, stack(0x0000009dc7f00000,0x0000009dc8000000)]


Current CompileTask:
C2:1006961 23622       4       org.gradle.execution.plan.DefaultPlanExecutor$ExecutorWorker$$Lambda$836/0x0000000100af2440::transform (20 bytes)

Stack: [0x0000009dc7f00000,0x0000009dc8000000]
Native frames: (J=compiled Java code, j=interpreted, Vv=VM code, C=native code)
V  [jvm.dll+0x64135a]
V  [jvm.dll+0x7d39f9]
V  [jvm.dll+0x7d51b9]
V  [jvm.dll+0x7d58a3]
V  [jvm.dll+0x2691c5]
V  [jvm.dll+0xc1a5c]
V  [jvm.dll+0xc200c]
V  [jvm.dll+0x377462]
V  [jvm.dll+0x342495]
V  [jvm.dll+0x34186a]
V  [jvm.dll+0x2214bd]
V  [jvm.dll+0x220498]
V  [jvm.dll+0x19e851]
V  [jvm.dll+0x230479]
V  [jvm.dll+0x22e5ef]
V  [jvm.dll+0x794de1]
V  [jvm.dll+0x78dc24]
V  [jvm.dll+0x6400f6]
C  [ucrtbase.dll+0x2268a]
C  [KERNEL32.DLL+0x17ac4]
C  [ntdll.dll+0x5a351]


---------------  P R O C E S S  ---------------

Threads class SMR info:
_java_thread_list=0x0000028c93786dd0, length=43, elements={
0x0000028cee93b800, 0x0000028cfc634800, 0x0000028cfc638000, 0x0000028cfc693000,
0x0000028cfc696000, 0x0000028cfc697800, 0x0000028cfc69a800, 0x0000028cfc6c8000,
0x0000028cfc6d9800, 0x0000028cfc80b000, 0x0000028cfef54800, 0x0000028cfec31000,
0x0000028cfe85d800, 0x0000028cfeafb000, 0x0000028cfeafb800, 0x0000028cff347800,
0x0000028c8f528000, 0x0000028c8f52a800, 0x0000028cff4f4800, 0x0000028cff4ef800,
0x0000028cff4f3000, 0x0000028cff4f6000, 0x0000028c91361000, 0x0000028c9135e000,
0x0000028c9135e800, 0x0000028c91222800, 0x0000028c9121f000, 0x0000028c9121e800,
0x0000028c91220000, 0x0000028cfd839800, 0x0000028c972be800, 0x0000028c972bd000,
0x0000028c972c2000, 0x0000028c972c2800, 0x0000028c9756e000, 0x0000028cfd82e000,
0x0000028cfd832800, 0x0000028c972c4800, 0x0000028c95411000, 0x0000028c8f529000,
0x0000028c933d5000, 0x0000028c96e12800, 0x0000028c972c5000
}

Java Threads: ( => current thread )
  0x0000028cee93b800 JavaThread "main" [_thread_blocked, id=14192, stack(0x0000009dc4600000,0x0000009dc4700000)]
  0x0000028cfc634800 JavaThread "Reference Handler" daemon [_thread_blocked, id=1964, stack(0x0000009dc4d00000,0x0000009dc4e00000)]
  0x0000028cfc638000 JavaThread "Finalizer" daemon [_thread_blocked, id=10644, stack(0x0000009dc4e00000,0x0000009dc4f00000)]
  0x0000028cfc693000 JavaThread "Signal Dispatcher" daemon [_thread_blocked, id=12944, stack(0x0000009dc4f00000,0x0000009dc5000000)]
  0x0000028cfc696000 JavaThread "Attach Listener" daemon [_thread_blocked, id=7768, stack(0x0000009dc5000000,0x0000009dc5100000)]
  0x0000028cfc697800 JavaThread "Service Thread" daemon [_thread_blocked, id=2672, stack(0x0000009dc5100000,0x0000009dc5200000)]
  0x0000028cfc69a800 JavaThread "C2 CompilerThread0" daemon [_thread_in_native, id=4192, stack(0x0000009dc5200000,0x0000009dc5300000)]
  0x0000028cfc6c8000 JavaThread "C1 CompilerThread0" daemon [_thread_blocked, id=8548, stack(0x0000009dc5300000,0x0000009dc5400000)]
  0x0000028cfc6d9800 JavaThread "Sweeper thread" daemon [_thread_blocked, id=4600, stack(0x0000009dc5400000,0x0000009dc5500000)]
  0x0000028cfc80b000 JavaThread "Common-Cleaner" daemon [_thread_blocked, id=11136, stack(0x0000009dc5500000,0x0000009dc5600000)]
  0x0000028cfef54800 JavaThread "Daemon health stats" [_thread_blocked, id=3900, stack(0x0000009dc5e00000,0x0000009dc5f00000)]
  0x0000028cfec31000 JavaThread "Incoming local TCP Connector on port 62287" [_thread_in_native, id=5424, stack(0x0000009dc5f00000,0x0000009dc6000000)]
  0x0000028cfe85d800 JavaThread "Daemon periodic checks" [_thread_blocked, id=5856, stack(0x0000009dc6000000,0x0000009dc6100000)]
  0x0000028cfeafb000 JavaThread "Cache worker for journal cache (C:\Users\pr110surovcev\.gradle\caches\journal-1)" [_thread_blocked, id=12840, stack(0x0000009dc6800000,0x0000009dc6900000)]
  0x0000028cfeafb800 JavaThread "File lock request listener" [_thread_in_native, id=9476, stack(0x0000009dc6900000,0x0000009dc6a00000)]
  0x0000028cff347800 JavaThread "Cache worker for file hash cache (C:\Users\pr110surovcev\.gradle\caches\7.5\fileHashes)" [_thread_blocked, id=9412, stack(0x0000009dc6d00000,0x0000009dc6e00000)]
  0x0000028c8f528000 JavaThread "File watcher server" daemon [_thread_in_native, id=14136, stack(0x0000009dc6e00000,0x0000009dc6f00000)]
  0x0000028c8f52a800 JavaThread "File watcher consumer" daemon [_thread_blocked, id=9772, stack(0x0000009dc6f00000,0x0000009dc7000000)]
  0x0000028cff4f4800 JavaThread "Cache worker for file content cache (C:\Users\pr110surovcev\.gradle\caches\7.5\fileContent)" [_thread_blocked, id=13436, stack(0x0000009dc7200000,0x0000009dc7300000)]
  0x0000028cff4ef800 JavaThread "Cache worker for execution history cache (C:\Users\pr110surovcev\.gradle\caches\7.5\executionHistory)" [_thread_blocked, id=2096, stack(0x0000009dc7500000,0x0000009dc7600000)]
  0x0000028cff4f3000 JavaThread "jar transforms" [_thread_blocked, id=10144, stack(0x0000009dc7600000,0x0000009dc7700000)]
  0x0000028cff4f6000 JavaThread "jar transforms Thread 2" [_thread_blocked, id=1904, stack(0x0000009dc7700000,0x0000009dc7800000)]
  0x0000028c91361000 JavaThread "jar transforms Thread 3" [_thread_blocked, id=9248, stack(0x0000009dc7800000,0x0000009dc7900000)]
  0x0000028c9135e000 JavaThread "jar transforms Thread 4" [_thread_blocked, id=11860, stack(0x0000009dc7900000,0x0000009dc7a00000)]
  0x0000028c9135e800 JavaThread "jar transforms Thread 5" [_thread_blocked, id=8840, stack(0x0000009dc7b00000,0x0000009dc7c00000)]
  0x0000028c91222800 JavaThread "jar transforms Thread 6" [_thread_blocked, id=10408, stack(0x0000009dccd00000,0x0000009dcce00000)]
  0x0000028c9121f000 JavaThread "jar transforms Thread 7" [_thread_blocked, id=5868, stack(0x0000009dcce00000,0x0000009dccf00000)]
  0x0000028c9121e800 JavaThread "jar transforms Thread 8" [_thread_blocked, id=3608, stack(0x0000009dccf00000,0x0000009dcd000000)]
  0x0000028c91220000 JavaThread "Memory manager" [_thread_blocked, id=13896, stack(0x0000009dcd000000,0x0000009dcd100000)]
  0x0000028cfd839800 JavaThread "Cache worker for Java compile cache (C:\Users\pr110surovcev\.gradle\caches\7.5\javaCompile)" [_thread_blocked, id=13556, stack(0x0000009dcde00000,0x0000009dcdf00000)]
  0x0000028c972be800 JavaThread "ForkJoinPool.commonPool-worker-1" daemon [_thread_blocked, id=5040, stack(0x0000009dcef00000,0x0000009dcf000000)]
  0x0000028c972bd000 JavaThread "ForkJoinPool.commonPool-worker-3" daemon [_thread_blocked, id=9824, stack(0x0000009dcf000000,0x0000009dcf100000)]
  0x0000028c972c2000 JavaThread "ForkJoinPool.commonPool-worker-7" daemon [_thread_blocked, id=10136, stack(0x0000009dcf200000,0x0000009dcf300000)]
  0x0000028c972c2800 JavaThread "ForkJoinPool.commonPool-worker-9" daemon [_thread_blocked, id=12636, stack(0x0000009dcf300000,0x0000009dcf400000)]
  0x0000028c9756e000 JavaThread "ForkJoinPool.commonPool-worker-13" daemon [_thread_blocked, id=10496, stack(0x0000009dce100000,0x0000009dce200000)]
  0x0000028cfd82e000 JavaThread "Daemon Thread 4" [_thread_blocked, id=900, stack(0x0000009dc4300000,0x0000009dc4400000)]
  0x0000028cfd832800 JavaThread "Daemon worker Thread 4" [_thread_blocked, id=1588, stack(0x0000009dc5700000,0x0000009dc5800000)]
  0x0000028c972c4800 JavaThread "included builds" [_thread_blocked, id=11804, stack(0x0000009dccb00000,0x0000009dccc00000)]
  0x0000028c95411000 JavaThread "File lock release action executor Thread 4" [_thread_blocked, id=1456, stack(0x0000009dcd800000,0x0000009dcd900000)]
  0x0000028c8f529000 JavaThread "Handler for socket connection from /127.0.0.1:62287 to /127.0.0.1:64249" [_thread_blocked, id=2920, stack(0x0000009dc4400000,0x0000009dc4500000)]
  0x0000028c933d5000 JavaThread "C2 CompilerThread1" daemon [_thread_blocked, id=12608, stack(0x0000009dc7100000,0x0000009dc7200000)]
=>0x0000028c96e12800 JavaThread "C2 CompilerThread2" daemon [_thread_in_native, id=892, stack(0x0000009dc7f00000,0x0000009dc8000000)]
  0x0000028c972c5000 JavaThread "included builds" [_thread_blocked, id=1924, stack(0x0000009dccc00000,0x0000009dccd00000)]

Other Threads:
  0x0000028cfc62e800 VMThread "VM Thread" [stack: 0x0000009dc4c00000,0x0000009dc4d00000] [id=3444]
  0x0000028cfc814800 WatcherThread [stack: 0x0000009dc5600000,0x0000009dc5700000] [id=5164]
  0x0000028cee951000 GCTaskThread "GC Thread#0" [stack: 0x0000009dc4700000,0x0000009dc4800000] [id=13936]
  0x0000028cfdb31800 GCTaskThread "GC Thread#1" [stack: 0x0000009dc5900000,0x0000009dc5a00000] [id=9020]
  0x0000028cfdf4c800 GCTaskThread "GC Thread#2" [stack: 0x0000009dc5a00000,0x0000009dc5b00000] [id=5180]
  0x0000028cfd61b800 GCTaskThread "GC Thread#3" [stack: 0x0000009dc5b00000,0x0000009dc5c00000] [id=11764]
  0x0000028cfd638800 GCTaskThread "GC Thread#4" [stack: 0x0000009dc5c00000,0x0000009dc5d00000] [id=9140]
  0x0000028cfd3ed800 GCTaskThread "GC Thread#5" [stack: 0x0000009dc5d00000,0x0000009dc5e00000] [id=13516]
  0x0000028cfe7b7800 GCTaskThread "GC Thread#6" [stack: 0x0000009dc6a00000,0x0000009dc6b00000] [id=12092]
  0x0000028cfdadd000 GCTaskThread "GC Thread#7" [stack: 0x0000009dc6b00000,0x0000009dc6c00000] [id=8060]
  0x0000028cee981800 ConcurrentGCThread "G1 Main Marker" [stack: 0x0000009dc4800000,0x0000009dc4900000] [id=8664]
  0x0000028cee984000 ConcurrentGCThread "G1 Conc#0" [stack: 0x0000009dc4900000,0x0000009dc4a00000] [id=8400]
  0x0000028cff2a6000 ConcurrentGCThread "G1 Conc#1" [stack: 0x0000009dc6c00000,0x0000009dc6d00000] [id=9112]
  0x0000028cee9fe000 ConcurrentGCThread "G1 Refine#0" [stack: 0x0000009dc4a00000,0x0000009dc4b00000] [id=6316]
  0x0000028cfdf3d800 ConcurrentGCThread "G1 Refine#1" [stack: 0x0000009dce800000,0x0000009dce900000] [id=5432]
  0x0000028cfbc7c800 ConcurrentGCThread "G1 Young RemSet Sampling" [stack: 0x0000009dc4b00000,0x0000009dc4c00000] [id=12044]

Threads with active compile tasks:
C2 CompilerThread0  1007004 23716       4       java.io.ObjectOutputStream::defaultWriteObject (54 bytes)
C2 CompilerThread1  1007004 23717 %     4       org.gradle.internal.logging.text.AbstractLineChoppingStyledTextOutput::doAppend @ 10 (43 bytes)
C2 CompilerThread2  1007004 23622       4       org.gradle.execution.plan.DefaultPlanExecutor$ExecutorWorker$$Lambda$836/0x0000000100af2440::transform (20 bytes)

VM state:not at safepoint (normal execution)

VM Mutex/Monitor currently owned by a thread: None

Heap address: 0x0000000080000000, size: 2048 MB, Compressed Oops mode: 32-bit
Narrow klass base: 0x0000000000000000, Narrow klass shift: 3
Compressed class space size: 1073741824 Address: 0x0000000100000000

Heap:
 garbage-first heap   total 262144K, used 172965K [0x0000000080000000, 0x0000000100000000)
  region size 1024K, 44 young (45056K), 1 survivors (1024K)
 Metaspace       used 125322K, capacity 129402K, committed 129580K, reserved 1161216K
  class space    used 15671K, capacity 17176K, committed 17176K, reserved 1048576K
Heap Regions: E=young(eden), S=young(survivor), O=old, HS=humongous(starts), HC=humongous(continues), CS=collection set, F=free, A=archive, TAMS=top-at-mark-start (previous, next)
|   0|0x0000000080000000, 0x0000000080100000, 0x0000000080100000|100%| O|  |TAMS 0x0000000080100000, 0x0000000080000000| Untracked 
|   1|0x0000000080100000, 0x0000000080200000, 0x0000000080200000|100%| O|  |TAMS 0x0000000080200000, 0x0000000080100000| Untracked 
|   2|0x0000000080200000, 0x0000000080300000, 0x0000000080300000|100%| O|  |TAMS 0x0000000080300000, 0x0000000080200000| Untracked 
|   3|0x0000000080300000, 0x0000000080400000, 0x0000000080400000|100%|HS|  |TAMS 0x0000000080400000, 0x0000000080300000| Complete 
|   4|0x0000000080400000, 0x0000000080500000, 0x0000000080500000|100%|HC|  |TAMS 0x0000000080500000, 0x0000000080400000| Complete 
|   5|0x0000000080500000, 0x0000000080600000, 0x0000000080600000|100%|HC|  |TAMS 0x0000000080600000, 0x0000000080500000| Complete 
|   6|0x0000000080600000, 0x0000000080700000, 0x0000000080700000|100%| O|  |TAMS 0x0000000080700000, 0x0000000080600000| Untracked 
|   7|0x0000000080700000, 0x0000000080800000, 0x0000000080800000|100%| O|  |TAMS 0x0000000080800000, 0x0000000080700000| Untracked 
|   8|0x0000000080800000, 0x0000000080900000, 0x0000000080900000|100%| O|  |TAMS 0x0000000080900000, 0x0000000080800000| Untracked 
|   9|0x0000000080900000, 0x0000000080a00000, 0x0000000080a00000|100%| O|  |TAMS 0x0000000080a00000, 0x0000000080900000| Untracked 
|  10|0x0000000080a00000, 0x0000000080b00000, 0x0000000080b00000|100%| O|  |TAMS 0x0000000080b00000, 0x0000000080a00000| Untracked 
|  11|0x0000000080b00000, 0x0000000080c00000, 0x0000000080c00000|100%| O|  |TAMS 0x0000000080c00000, 0x0000000080b00000| Untracked 
|  12|0x0000000080c00000, 0x0000000080d00000, 0x0000000080d00000|100%| O|  |TAMS 0x0000000080d00000, 0x0000000080c00000| Untracked 
|  13|0x0000000080d00000, 0x0000000080e00000, 0x0000000080e00000|100%| O|  |TAMS 0x0000000080e00000, 0x0000000080d00000| Untracked 
|  14|0x0000000080e00000, 0x0000000080f00000, 0x0000000080f00000|100%| O|  |TAMS 0x0000000080f00000, 0x0000000080e00000| Untracked 
|  15|0x0000000080f00000, 0x0000000081000000, 0x0000000081000000|100%| O|  |TAMS 0x0000000081000000, 0x0000000080f00000| Untracked 
|  16|0x0000000081000000, 0x0000000081100000, 0x0000000081100000|100%| O|  |TAMS 0x0000000081100000, 0x0000000081000000| Untracked 
|  17|0x0000000081100000, 0x0000000081200000, 0x0000000081200000|100%|HS|  |TAMS 0x0000000081200000, 0x0000000081100000| Complete 
|  18|0x0000000081200000, 0x0000000081300000, 0x0000000081300000|100%|HS|  |TAMS 0x0000000081300000, 0x0000000081200000| Complete 
|  19|0x0000000081300000, 0x0000000081400000, 0x0000000081400000|100%| O|  |TAMS 0x0000000081400000, 0x0000000081300000| Untracked 
|  20|0x0000000081400000, 0x0000000081500000, 0x0000000081500000|100%|HS|  |TAMS 0x0000000081500000, 0x0000000081400000| Complete 
|  21|0x0000000081500000, 0x0000000081600000, 0x0000000081600000|100%|HC|  |TAMS 0x0000000081600000, 0x0000000081500000| Complete 
|  22|0x0000000081600000, 0x0000000081700000, 0x0000000081700000|100%| O|  |TAMS 0x0000000081700000, 0x0000000081600000| Untracked 
|  23|0x0000000081700000, 0x0000000081800000, 0x0000000081800000|100%| O|  |TAMS 0x0000000081800000, 0x0000000081700000| Untracked 
|  24|0x0000000081800000, 0x0000000081900000, 0x0000000081900000|100%| O|  |TAMS 0x0000000081900000, 0x0000000081800000| Untracked 
|  25|0x0000000081900000, 0x0000000081a00000, 0x0000000081a00000|100%| O|  |TAMS 0x0000000081a00000, 0x0000000081900000| Untracked 
|  26|0x0000000081a00000, 0x0000000081b00000, 0x0000000081b00000|100%| O|  |TAMS 0x0000000081b00000, 0x0000000081a00000| Untracked 
|  27|0x0000000081b00000, 0x0000000081c00000, 0x0000000081c00000|100%| O|  |TAMS 0x0000000081c00000, 0x0000000081b00000| Untracked 
|  28|0x0000000081c00000, 0x0000000081d00000, 0x0000000081d00000|100%| O|  |TAMS 0x0000000081d00000, 0x0000000081c00000| Untracked 
|  29|0x0000000081d00000, 0x0000000081e00000, 0x0000000081e00000|100%| O|  |TAMS 0x0000000081e00000, 0x0000000081d00000| Untracked 
|  30|0x0000000081e00000, 0x0000000081f00000, 0x0000000081f00000|100%| O|  |TAMS 0x0000000081f00000, 0x0000000081e00000| Untracked 
|  31|0x0000000081f00000, 0x0000000082000000, 0x0000000082000000|100%| O|  |TAMS 0x0000000082000000, 0x0000000081f00000| Untracked 
|  32|0x0000000082000000, 0x0000000082100000, 0x0000000082100000|100%| O|  |TAMS 0x0000000082100000, 0x0000000082000000| Untracked 
|  33|0x0000000082100000, 0x0000000082200000, 0x0000000082200000|100%| O|  |TAMS 0x0000000082200000, 0x0000000082100000| Untracked 
|  34|0x0000000082200000, 0x0000000082300000, 0x0000000082300000|100%| O|  |TAMS 0x0000000082300000, 0x0000000082200000| Untracked 
|  35|0x0000000082300000, 0x0000000082400000, 0x0000000082400000|100%| O|  |TAMS 0x0000000082400000, 0x0000000082300000| Untracked 
|  36|0x0000000082400000, 0x0000000082500000, 0x0000000082500000|100%| O|  |TAMS 0x0000000082500000, 0x0000000082400000| Untracked 
|  37|0x0000000082500000, 0x0000000082600000, 0x0000000082600000|100%| O|  |TAMS 0x0000000082600000, 0x0000000082500000| Untracked 
|  38|0x0000000082600000, 0x0000000082700000, 0x0000000082700000|100%| O|  |TAMS 0x0000000082700000, 0x0000000082600000| Untracked 
|  39|0x0000000082700000, 0x0000000082800000, 0x0000000082800000|100%| O|  |TAMS 0x0000000082800000, 0x0000000082700000| Untracked 
|  40|0x0000000082800000, 0x0000000082900000, 0x0000000082900000|100%| O|  |TAMS 0x0000000082900000, 0x0000000082800000| Untracked 
|  41|0x0000000082900000, 0x0000000082a00000, 0x0000000082a00000|100%| O|  |TAMS 0x0000000082a00000, 0x0000000082900000| Untracked 
|  42|0x0000000082a00000, 0x0000000082b00000, 0x0000000082b00000|100%| O|  |TAMS 0x0000000082b00000, 0x0000000082a00000| Untracked 
|  43|0x0000000082b00000, 0x0000000082c00000, 0x0000000082c00000|100%| O|  |TAMS 0x0000000082c00000, 0x0000000082b00000| Untracked 
|  44|0x0000000082c00000, 0x0000000082d00000, 0x0000000082d00000|100%| O|  |TAMS 0x0000000082d00000, 0x0000000082c00000| Untracked 
|  45|0x0000000082d00000, 0x0000000082e00000, 0x0000000082e00000|100%| O|  |TAMS 0x0000000082e00000, 0x0000000082d00000| Untracked 
|  46|0x0000000082e00000, 0x0000000082f00000, 0x0000000082f00000|100%| O|  |TAMS 0x0000000082f00000, 0x0000000082e00000| Untracked 
|  47|0x0000000082f00000, 0x0000000083000000, 0x0000000083000000|100%| O|  |TAMS 0x0000000083000000, 0x0000000082f00000| Untracked 
|  48|0x0000000083000000, 0x0000000083100000, 0x0000000083100000|100%| O|  |TAMS 0x0000000083100000, 0x0000000083000000| Untracked 
|  49|0x0000000083100000, 0x0000000083200000, 0x0000000083200000|100%| O|  |TAMS 0x0000000083200000, 0x0000000083100000| Untracked 
|  50|0x0000000083200000, 0x0000000083300000, 0x0000000083300000|100%| O|  |TAMS 0x0000000083300000, 0x0000000083200000| Untracked 
|  51|0x0000000083300000, 0x0000000083400000, 0x0000000083400000|100%| O|  |TAMS 0x0000000083400000, 0x0000000083300000| Untracked 
|  52|0x0000000083400000, 0x0000000083500000, 0x0000000083500000|100%| O|  |TAMS 0x0000000083500000, 0x0000000083400000| Untracked 
|  53|0x0000000083500000, 0x0000000083600000, 0x0000000083600000|100%| O|  |TAMS 0x0000000083600000, 0x0000000083500000| Untracked 
|  54|0x0000000083600000, 0x0000000083700000, 0x0000000083700000|100%| O|  |TAMS 0x0000000083700000, 0x0000000083600000| Untracked 
|  55|0x0000000083700000, 0x0000000083800000, 0x0000000083800000|100%| O|  |TAMS 0x0000000083800000, 0x0000000083700000| Untracked 
|  56|0x0000000083800000, 0x0000000083900000, 0x0000000083900000|100%| O|  |TAMS 0x0000000083900000, 0x0000000083800000| Untracked 
|  57|0x0000000083900000, 0x0000000083a00000, 0x0000000083a00000|100%| O|  |TAMS 0x0000000083a00000, 0x0000000083900000| Untracked 
|  58|0x0000000083a00000, 0x0000000083b00000, 0x0000000083b00000|100%| O|  |TAMS 0x0000000083b00000, 0x0000000083a00000| Untracked 
|  59|0x0000000083b00000, 0x0000000083c00000, 0x0000000083c00000|100%| O|  |TAMS 0x0000000083c00000, 0x0000000083b00000| Untracked 
|  60|0x0000000083c00000, 0x0000000083d00000, 0x0000000083d00000|100%| O|  |TAMS 0x0000000083d00000, 0x0000000083c00000| Untracked 
|  61|0x0000000083d00000, 0x0000000083e00000, 0x0000000083e00000|100%| O|  |TAMS 0x0000000083e00000, 0x0000000083d00000| Untracked 
|  62|0x0000000083e00000, 0x0000000083f00000, 0x0000000083f00000|100%| O|  |TAMS 0x0000000083f00000, 0x0000000083e00000| Untracked 
|  63|0x0000000083f00000, 0x0000000084000000, 0x0000000084000000|100%| O|  |TAMS 0x0000000084000000, 0x0000000083f00000| Untracked 
|  64|0x0000000084000000, 0x0000000084000000, 0x0000000084100000|  0%| F|  |TAMS 0x0000000084000000, 0x0000000084000000| Untracked 
|  65|0x0000000084100000, 0x0000000084100000, 0x0000000084200000|  0%| F|  |TAMS 0x0000000084100000, 0x0000000084100000| Untracked 
|  66|0x0000000084200000, 0x0000000084200000, 0x0000000084300000|  0%| F|  |TAMS 0x0000000084200000, 0x0000000084200000| Untracked 
|  67|0x0000000084300000, 0x0000000084300000, 0x0000000084400000|  0%| F|  |TAMS 0x0000000084300000, 0x0000000084300000| Untracked 
|  68|0x0000000084400000, 0x0000000084500000, 0x0000000084500000|100%| O|  |TAMS 0x0000000084500000, 0x0000000084400000| Untracked 
|  69|0x0000000084500000, 0x0000000084600000, 0x0000000084600000|100%| O|  |TAMS 0x0000000084600000, 0x0000000084500000| Untracked 
|  70|0x0000000084600000, 0x0000000084700000, 0x0000000084700000|100%| O|  |TAMS 0x0000000084700000, 0x0000000084600000| Untracked 
|  71|0x0000000084700000, 0x0000000084800000, 0x0000000084800000|100%| O|  |TAMS 0x0000000084800000, 0x0000000084700000| Untracked 
|  72|0x0000000084800000, 0x0000000084900000, 0x0000000084900000|100%| O|  |TAMS 0x0000000084900000, 0x0000000084800000| Untracked 
|  73|0x0000000084900000, 0x0000000084900000, 0x0000000084a00000|  0%| F|  |TAMS 0x0000000084900000, 0x0000000084900000| Untracked 
|  74|0x0000000084a00000, 0x0000000084b00000, 0x0000000084b00000|100%| O|  |TAMS 0x0000000084b00000, 0x0000000084a00000| Untracked 
|  75|0x0000000084b00000, 0x0000000084c00000, 0x0000000084c00000|100%| O|  |TAMS 0x0000000084c00000, 0x0000000084b00000| Untracked 
|  76|0x0000000084c00000, 0x0000000084d00000, 0x0000000084d00000|100%| O|  |TAMS 0x0000000084d00000, 0x0000000084c00000| Untracked 
|  77|0x0000000084d00000, 0x0000000084e00000, 0x0000000084e00000|100%| O|  |TAMS 0x0000000084e00000, 0x0000000084d00000| Untracked 
|  78|0x0000000084e00000, 0x0000000084f00000, 0x0000000084f00000|100%| O|  |TAMS 0x0000000084f00000, 0x0000000084e00000| Untracked 
|  79|0x0000000084f00000, 0x0000000085000000, 0x0000000085000000|100%| O|  |TAMS 0x0000000085000000, 0x0000000084f00000| Untracked 
|  80|0x0000000085000000, 0x0000000085100000, 0x0000000085100000|100%| O|  |TAMS 0x0000000085100000, 0x0000000085000000| Untracked 
|  81|0x0000000085100000, 0x0000000085200000, 0x0000000085200000|100%| O|  |TAMS 0x0000000085200000, 0x0000000085100000| Untracked 
|  82|0x0000000085200000, 0x0000000085300000, 0x0000000085300000|100%| O|  |TAMS 0x0000000085300000, 0x0000000085200000| Untracked 
|  83|0x0000000085300000, 0x0000000085400000, 0x0000000085400000|100%| O|  |TAMS 0x0000000085400000, 0x0000000085300000| Untracked 
|  84|0x0000000085400000, 0x0000000085500000, 0x0000000085500000|100%| O|  |TAMS 0x0000000085500000, 0x0000000085400000| Untracked 
|  85|0x0000000085500000, 0x0000000085600000, 0x0000000085600000|100%| O|  |TAMS 0x0000000085600000, 0x0000000085500000| Untracked 
|  86|0x0000000085600000, 0x0000000085700000, 0x0000000085700000|100%| O|  |TAMS 0x0000000085700000, 0x0000000085600000| Untracked 
|  87|0x0000000085700000, 0x0000000085800000, 0x0000000085800000|100%| O|  |TAMS 0x0000000085800000, 0x0000000085700000| Untracked 
|  88|0x0000000085800000, 0x0000000085900000, 0x0000000085900000|100%| O|  |TAMS 0x0000000085900000, 0x0000000085800000| Untracked 
|  89|0x0000000085900000, 0x0000000085a00000, 0x0000000085a00000|100%| O|  |TAMS 0x0000000085a00000, 0x0000000085900000| Untracked 
|  90|0x0000000085a00000, 0x0000000085b00000, 0x0000000085b00000|100%| O|  |TAMS 0x0000000085b00000, 0x0000000085a00000| Untracked 
|  91|0x0000000085b00000, 0x0000000085c00000, 0x0000000085c00000|100%| O|  |TAMS 0x0000000085c00000, 0x0000000085b00000| Untracked 
|  92|0x0000000085c00000, 0x0000000085d00000, 0x0000000085d00000|100%| O|  |TAMS 0x0000000085d00000, 0x0000000085c00000| Untracked 
|  93|0x0000000085d00000, 0x0000000085e00000, 0x0000000085e00000|100%| O|  |TAMS 0x0000000085e00000, 0x0000000085d00000| Untracked 
|  94|0x0000000085e00000, 0x0000000085e00000, 0x0000000085f00000|  0%| F|  |TAMS 0x0000000085e00000, 0x0000000085e00000| Untracked 
|  95|0x0000000085f00000, 0x0000000086000000, 0x0000000086000000|100%| O|  |TAMS 0x0000000086000000, 0x0000000085f00000| Untracked 
|  96|0x0000000086000000, 0x0000000086100000, 0x0000000086100000|100%| O|  |TAMS 0x0000000086100000, 0x0000000086000000| Untracked 
|  97|0x0000000086100000, 0x0000000086200000, 0x0000000086200000|100%| O|  |TAMS 0x0000000086200000, 0x0000000086100000| Untracked 
|  98|0x0000000086200000, 0x0000000086200000, 0x0000000086300000|  0%| F|  |TAMS 0x0000000086200000, 0x0000000086200000| Untracked 
|  99|0x0000000086300000, 0x0000000086400000, 0x0000000086400000|100%| O|  |TAMS 0x0000000086400000, 0x0000000086300000| Untracked 
| 100|0x0000000086400000, 0x0000000086500000, 0x0000000086500000|100%| O|  |TAMS 0x0000000086500000, 0x0000000086400000| Untracked 
| 101|0x0000000086500000, 0x0000000086600000, 0x0000000086600000|100%| O|  |TAMS 0x000000008657fc00, 0x0000000086500000| Untracked 
| 102|0x0000000086600000, 0x0000000086700000, 0x0000000086700000|100%| O|  |TAMS 0x0000000086700000, 0x0000000086600000| Untracked 
| 103|0x0000000086700000, 0x0000000086800000, 0x0000000086800000|100%| O|  |TAMS 0x0000000086800000, 0x0000000086700000| Untracked 
| 104|0x0000000086800000, 0x0000000086900000, 0x0000000086900000|100%| O|  |TAMS 0x0000000086900000, 0x0000000086800000| Untracked 
| 105|0x0000000086900000, 0x0000000086a00000, 0x0000000086a00000|100%| O|  |TAMS 0x0000000086a00000, 0x0000000086900000| Untracked 
| 106|0x0000000086a00000, 0x0000000086b00000, 0x0000000086b00000|100%| O|  |TAMS 0x0000000086b00000, 0x0000000086a00000| Untracked 
| 107|0x0000000086b00000, 0x0000000086c00000, 0x0000000086c00000|100%| O|  |TAMS 0x0000000086c00000, 0x0000000086b00000| Untracked 
| 108|0x0000000086c00000, 0x0000000086d00000, 0x0000000086d00000|100%| O|  |TAMS 0x0000000086d00000, 0x0000000086c00000| Untracked 
| 109|0x0000000086d00000, 0x0000000086e00000, 0x0000000086e00000|100%| O|  |TAMS 0x0000000086e00000, 0x0000000086d00000| Untracked 
| 110|0x0000000086e00000, 0x0000000086f00000, 0x0000000086f00000|100%| O|  |TAMS 0x0000000086f00000, 0x0000000086e00000| Untracked 
| 111|0x0000000086f00000, 0x0000000087000000, 0x0000000087000000|100%| O|  |TAMS 0x0000000086f00000, 0x0000000086f00000| Untracked 
| 112|0x0000000087000000, 0x0000000087100000, 0x0000000087100000|100%| O|  |TAMS 0x0000000087000000, 0x0000000087000000| Untracked 
| 113|0x0000000087100000, 0x0000000087200000, 0x0000000087200000|100%| O|  |TAMS 0x0000000087100000, 0x0000000087100000| Untracked 
| 114|0x0000000087200000, 0x0000000087300000, 0x0000000087300000|100%| O|  |TAMS 0x0000000087200000, 0x0000000087200000| Untracked 
| 115|0x0000000087300000, 0x0000000087400000, 0x0000000087400000|100%| O|  |TAMS 0x0000000087300000, 0x0000000087300000| Untracked 
| 116|0x0000000087400000, 0x0000000087500000, 0x0000000087500000|100%| O|  |TAMS 0x0000000087400000, 0x0000000087400000| Untracked 
| 117|0x0000000087500000, 0x00000000875f2800, 0x0000000087600000| 94%| O|  |TAMS 0x0000000087500000, 0x0000000087500000| Untracked 
| 118|0x0000000087600000, 0x0000000087600000, 0x0000000087700000|  0%| F|  |TAMS 0x0000000087600000, 0x0000000087600000| Untracked 
| 119|0x0000000087700000, 0x0000000087800000, 0x0000000087800000|100%| O|  |TAMS 0x0000000087800000, 0x0000000087700000| Untracked 
| 120|0x0000000087800000, 0x0000000087800000, 0x0000000087900000|  0%| F|  |TAMS 0x0000000087800000, 0x0000000087800000| Untracked 
| 121|0x0000000087900000, 0x0000000087900000, 0x0000000087a00000|  0%| F|  |TAMS 0x0000000087900000, 0x0000000087900000| Untracked 
| 122|0x0000000087a00000, 0x0000000087b00000, 0x0000000087b00000|100%| O|  |TAMS 0x0000000087a00000, 0x0000000087a00000| Untracked 
| 123|0x0000000087b00000, 0x0000000087c00000, 0x0000000087c00000|100%| O|  |TAMS 0x0000000087c00000, 0x0000000087b00000| Untracked 
| 124|0x0000000087c00000, 0x0000000087d00000, 0x0000000087d00000|100%| O|  |TAMS 0x0000000087c00000, 0x0000000087c00000| Untracked 
| 125|0x0000000087d00000, 0x0000000087e00000, 0x0000000087e00000|100%| O|  |TAMS 0x0000000087d00000, 0x0000000087d00000| Untracked 
| 126|0x0000000087e00000, 0x0000000087f00000, 0x0000000087f00000|100%| O|  |TAMS 0x0000000087e00000, 0x0000000087e00000| Untracked 
| 127|0x0000000087f00000, 0x0000000088000000, 0x0000000088000000|100%| O|  |TAMS 0x0000000088000000, 0x0000000087f00000| Untracked 
| 128|0x0000000088000000, 0x0000000088100000, 0x0000000088100000|100%| O|  |TAMS 0x0000000088000000, 0x0000000088000000| Untracked 
| 129|0x0000000088100000, 0x0000000088200000, 0x0000000088200000|100%| O|  |TAMS 0x0000000088200000, 0x0000000088100000| Untracked 
| 130|0x0000000088200000, 0x0000000088200000, 0x0000000088300000|  0%| F|  |TAMS 0x0000000088200000, 0x0000000088200000| Untracked 
| 131|0x0000000088300000, 0x0000000088300000, 0x0000000088400000|  0%| F|  |TAMS 0x0000000088300000, 0x0000000088300000| Untracked 
| 132|0x0000000088400000, 0x0000000088500000, 0x0000000088500000|100%| O|  |TAMS 0x0000000088400000, 0x0000000088400000| Untracked 
| 133|0x0000000088500000, 0x0000000088600000, 0x0000000088600000|100%| O|  |TAMS 0x0000000088500000, 0x0000000088500000| Untracked 
| 134|0x0000000088600000, 0x0000000088600000, 0x0000000088700000|  0%| F|  |TAMS 0x0000000088600000, 0x0000000088600000| Untracked 
| 135|0x0000000088700000, 0x0000000088800000, 0x0000000088800000|100%| O|  |TAMS 0x0000000088800000, 0x0000000088700000| Untracked 
| 136|0x0000000088800000, 0x0000000088900000, 0x0000000088900000|100%| O|  |TAMS 0x0000000088900000, 0x0000000088800000| Untracked 
| 137|0x0000000088900000, 0x0000000088a00000, 0x0000000088a00000|100%| O|  |TAMS 0x0000000088a00000, 0x0000000088900000| Untracked 
| 138|0x0000000088a00000, 0x0000000088b00000, 0x0000000088b00000|100%| O|  |TAMS 0x0000000088b00000, 0x0000000088a00000| Untracked 
| 139|0x0000000088b00000, 0x0000000088b00000, 0x0000000088c00000|  0%| F|  |TAMS 0x0000000088b00000, 0x0000000088b00000| Untracked 
| 140|0x0000000088c00000, 0x0000000088c00000, 0x0000000088d00000|  0%| F|  |TAMS 0x0000000088c00000, 0x0000000088c00000| Untracked 
| 141|0x0000000088d00000, 0x0000000088e00000, 0x0000000088e00000|100%| O|  |TAMS 0x0000000088d00000, 0x0000000088d00000| Untracked 
| 142|0x0000000088e00000, 0x0000000088e00000, 0x0000000088f00000|  0%| F|  |TAMS 0x0000000088e00000, 0x0000000088e00000| Untracked 
| 143|0x0000000088f00000, 0x0000000088f00000, 0x0000000089000000|  0%| F|  |TAMS 0x0000000088f00000, 0x0000000088f00000| Untracked 
| 144|0x0000000089000000, 0x0000000089000000, 0x0000000089100000|  0%| F|  |TAMS 0x0000000089000000, 0x0000000089000000| Untracked 
| 145|0x0000000089100000, 0x0000000089100000, 0x0000000089200000|  0%| F|  |TAMS 0x0000000089100000, 0x0000000089100000| Untracked 
| 146|0x0000000089200000, 0x0000000089200000, 0x0000000089300000|  0%| F|  |TAMS 0x0000000089200000, 0x0000000089200000| Untracked 
| 147|0x0000000089300000, 0x0000000089300000, 0x0000000089400000|  0%| F|  |TAMS 0x0000000089300000, 0x0000000089300000| Untracked 
| 148|0x0000000089400000, 0x0000000089400000, 0x0000000089500000|  0%| F|  |TAMS 0x0000000089400000, 0x0000000089400000| Untracked 
| 149|0x0000000089500000, 0x0000000089500000, 0x0000000089600000|  0%| F|  |TAMS 0x0000000089500000, 0x0000000089500000| Untracked 
| 150|0x0000000089600000, 0x0000000089600000, 0x0000000089700000|  0%| F|  |TAMS 0x0000000089600000, 0x0000000089600000| Untracked 
| 151|0x0000000089700000, 0x0000000089700000, 0x0000000089800000|  0%| F|  |TAMS 0x0000000089700000, 0x0000000089700000| Untracked 
| 152|0x0000000089800000, 0x0000000089800000, 0x0000000089900000|  0%| F|  |TAMS 0x0000000089800000, 0x0000000089800000| Untracked 
| 153|0x0000000089900000, 0x0000000089900000, 0x0000000089a00000|  0%| F|  |TAMS 0x0000000089900000, 0x0000000089900000| Untracked 
| 154|0x0000000089a00000, 0x0000000089a00000, 0x0000000089b00000|  0%| F|  |TAMS 0x0000000089a00000, 0x0000000089a00000| Untracked 
| 155|0x0000000089b00000, 0x0000000089b00000, 0x0000000089c00000|  0%| F|  |TAMS 0x0000000089b00000, 0x0000000089b00000| Untracked 
| 156|0x0000000089c00000, 0x0000000089c00000, 0x0000000089d00000|  0%| F|  |TAMS 0x0000000089c00000, 0x0000000089c00000| Untracked 
| 157|0x0000000089d00000, 0x0000000089d00000, 0x0000000089e00000|  0%| F|  |TAMS 0x0000000089d00000, 0x0000000089d00000| Untracked 
| 158|0x0000000089e00000, 0x0000000089e00000, 0x0000000089f00000|  0%| F|  |TAMS 0x0000000089e00000, 0x0000000089e00000| Untracked 
| 159|0x0000000089f00000, 0x0000000089f00000, 0x000000008a000000|  0%| F|  |TAMS 0x0000000089f00000, 0x0000000089f00000| Untracked 
| 160|0x000000008a000000, 0x000000008a000000, 0x000000008a100000|  0%| F|  |TAMS 0x000000008a000000, 0x000000008a000000| Untracked 
| 161|0x000000008a100000, 0x000000008a100000, 0x000000008a200000|  0%| F|  |TAMS 0x000000008a100000, 0x000000008a100000| Untracked 
| 162|0x000000008a200000, 0x000000008a200000, 0x000000008a300000|  0%| F|  |TAMS 0x000000008a200000, 0x000000008a200000| Untracked 
| 163|0x000000008a300000, 0x000000008a300000, 0x000000008a400000|  0%| F|  |TAMS 0x000000008a300000, 0x000000008a300000| Untracked 
| 164|0x000000008a400000, 0x000000008a400000, 0x000000008a500000|  0%| F|  |TAMS 0x000000008a400000, 0x000000008a400000| Untracked 
| 165|0x000000008a500000, 0x000000008a500000, 0x000000008a600000|  0%| F|  |TAMS 0x000000008a500000, 0x000000008a500000| Untracked 
| 166|0x000000008a600000, 0x000000008a600000, 0x000000008a700000|  0%| F|  |TAMS 0x000000008a600000, 0x000000008a600000| Untracked 
| 167|0x000000008a700000, 0x000000008a700000, 0x000000008a800000|  0%| F|  |TAMS 0x000000008a700000, 0x000000008a700000| Untracked 
| 168|0x000000008a800000, 0x000000008a800000, 0x000000008a900000|  0%| F|  |TAMS 0x000000008a800000, 0x000000008a800000| Untracked 
| 169|0x000000008a900000, 0x000000008a900000, 0x000000008aa00000|  0%| F|  |TAMS 0x000000008a900000, 0x000000008a900000| Untracked 
| 170|0x000000008aa00000, 0x000000008aa00000, 0x000000008ab00000|  0%| F|  |TAMS 0x000000008aa00000, 0x000000008aa00000| Untracked 
| 171|0x000000008ab00000, 0x000000008ab00000, 0x000000008ac00000|  0%| F|  |TAMS 0x000000008ab00000, 0x000000008ab00000| Untracked 
| 172|0x000000008ac00000, 0x000000008ac00000, 0x000000008ad00000|  0%| F|  |TAMS 0x000000008ac00000, 0x000000008ac00000| Untracked 
| 173|0x000000008ad00000, 0x000000008ad00000, 0x000000008ae00000|  0%| F|  |TAMS 0x000000008ad00000, 0x000000008ad00000| Untracked 
| 174|0x000000008ae00000, 0x000000008ae00000, 0x000000008af00000|  0%| F|  |TAMS 0x000000008ae00000, 0x000000008ae00000| Untracked 
| 175|0x000000008af00000, 0x000000008af00000, 0x000000008b000000|  0%| F|  |TAMS 0x000000008af00000, 0x000000008af00000| Untracked 
| 176|0x000000008b000000, 0x000000008b000000, 0x000000008b100000|  0%| F|  |TAMS 0x000000008b000000, 0x000000008b000000| Untracked 
| 177|0x000000008b100000, 0x000000008b100000, 0x000000008b200000|  0%| F|  |TAMS 0x000000008b100000, 0x000000008b100000| Untracked 
| 178|0x000000008b200000, 0x000000008b200000, 0x000000008b300000|  0%| F|  |TAMS 0x000000008b200000, 0x000000008b200000| Untracked 
| 179|0x000000008b300000, 0x000000008b300000, 0x000000008b400000|  0%| F|  |TAMS 0x000000008b300000, 0x000000008b300000| Untracked 
| 180|0x000000008b400000, 0x000000008b400000, 0x000000008b500000|  0%| F|  |TAMS 0x000000008b400000, 0x000000008b400000| Untracked 
| 181|0x000000008b500000, 0x000000008b500000, 0x000000008b600000|  0%| F|  |TAMS 0x000000008b500000, 0x000000008b500000| Untracked 
| 182|0x000000008b600000, 0x000000008b600000, 0x000000008b700000|  0%| F|  |TAMS 0x000000008b600000, 0x000000008b600000| Untracked 
| 183|0x000000008b700000, 0x000000008b700000, 0x000000008b800000|  0%| F|  |TAMS 0x000000008b700000, 0x000000008b700000| Untracked 
| 184|0x000000008b800000, 0x000000008b800000, 0x000000008b900000|  0%| F|  |TAMS 0x000000008b800000, 0x000000008b800000| Untracked 
| 185|0x000000008b900000, 0x000000008b900000, 0x000000008ba00000|  0%| F|  |TAMS 0x000000008b900000, 0x000000008b900000| Untracked 
| 186|0x000000008ba00000, 0x000000008ba00000, 0x000000008bb00000|  0%| F|  |TAMS 0x000000008ba00000, 0x000000008ba00000| Untracked 
| 187|0x000000008bb00000, 0x000000008bb00000, 0x000000008bc00000|  0%| F|  |TAMS 0x000000008bb00000, 0x000000008bb00000| Untracked 
| 188|0x000000008bc00000, 0x000000008bc00000, 0x000000008bd00000|  0%| F|  |TAMS 0x000000008bc00000, 0x000000008bc00000| Untracked 
| 189|0x000000008bd00000, 0x000000008bd00000, 0x000000008be00000|  0%| F|  |TAMS 0x000000008bd00000, 0x000000008bd00000| Untracked 
| 190|0x000000008be00000, 0x000000008be00000, 0x000000008bf00000|  0%| F|  |TAMS 0x000000008be00000, 0x000000008be00000| Untracked 
| 191|0x000000008bf00000, 0x000000008bf00000, 0x000000008c000000|  0%| F|  |TAMS 0x000000008bf00000, 0x000000008bf00000| Untracked 
| 192|0x000000008c000000, 0x000000008c000000, 0x000000008c100000|  0%| F|  |TAMS 0x000000008c000000, 0x000000008c000000| Untracked 
| 193|0x000000008c100000, 0x000000008c100000, 0x000000008c200000|  0%| F|  |TAMS 0x000000008c100000, 0x000000008c100000| Untracked 
| 194|0x000000008c200000, 0x000000008c200000, 0x000000008c300000|  0%| F|  |TAMS 0x000000008c200000, 0x000000008c200000| Untracked 
| 195|0x000000008c300000, 0x000000008c300000, 0x000000008c400000|  0%| F|  |TAMS 0x000000008c300000, 0x000000008c300000| Untracked 
| 196|0x000000008c400000, 0x000000008c400000, 0x000000008c500000|  0%| F|  |TAMS 0x000000008c400000, 0x000000008c400000| Untracked 
| 197|0x000000008c500000, 0x000000008c500000, 0x000000008c600000|  0%| F|  |TAMS 0x000000008c500000, 0x000000008c500000| Untracked 
| 198|0x000000008c600000, 0x000000008c600000, 0x000000008c700000|  0%| F|  |TAMS 0x000000008c600000, 0x000000008c600000| Untracked 
| 199|0x000000008c700000, 0x000000008c700000, 0x000000008c800000|  0%| F|  |TAMS 0x000000008c700000, 0x000000008c700000| Untracked 
| 200|0x000000008c800000, 0x000000008c800000, 0x000000008c900000|  0%| F|  |TAMS 0x000000008c800000, 0x000000008c800000| Untracked 
| 201|0x000000008c900000, 0x000000008c900000, 0x000000008ca00000|  0%| F|  |TAMS 0x000000008c900000, 0x000000008c900000| Untracked 
| 202|0x000000008ca00000, 0x000000008ca00000, 0x000000008cb00000|  0%| F|  |TAMS 0x000000008ca00000, 0x000000008ca00000| Untracked 
| 203|0x000000008cb00000, 0x000000008cb00000, 0x000000008cc00000|  0%| F|  |TAMS 0x000000008cb00000, 0x000000008cb00000| Untracked 
| 204|0x000000008cc00000, 0x000000008cc00000, 0x000000008cd00000|  0%| F|  |TAMS 0x000000008cc00000, 0x000000008cc00000| Untracked 
| 205|0x000000008cd00000, 0x000000008cd00000, 0x000000008ce00000|  0%| F|  |TAMS 0x000000008cd00000, 0x000000008cd00000| Untracked 
| 206|0x000000008ce00000, 0x000000008ce00000, 0x000000008cf00000|  0%| F|  |TAMS 0x000000008ce00000, 0x000000008ce00000| Untracked 
| 207|0x000000008cf00000, 0x000000008cf00000, 0x000000008d000000|  0%| F|  |TAMS 0x000000008cf00000, 0x000000008cf00000| Untracked 
| 208|0x000000008d000000, 0x000000008d000000, 0x000000008d100000|  0%| F|  |TAMS 0x000000008d000000, 0x000000008d000000| Untracked 
| 209|0x000000008d100000, 0x000000008d100000, 0x000000008d200000|  0%| F|  |TAMS 0x000000008d100000, 0x000000008d100000| Untracked 
| 210|0x000000008d200000, 0x000000008d200000, 0x000000008d300000|  0%| F|  |TAMS 0x000000008d200000, 0x000000008d200000| Untracked 
| 211|0x000000008d300000, 0x000000008d300000, 0x000000008d400000|  0%| F|  |TAMS 0x000000008d300000, 0x000000008d300000| Untracked 
| 212|0x000000008d400000, 0x000000008d431720, 0x000000008d500000| 19%| E|  |TAMS 0x000000008d400000, 0x000000008d400000| Complete 
| 213|0x000000008d500000, 0x000000008d600000, 0x000000008d600000|100%| E|CS|TAMS 0x000000008d500000, 0x000000008d500000| Complete 
| 214|0x000000008d600000, 0x000000008d700000, 0x000000008d700000|100%| E|CS|TAMS 0x000000008d600000, 0x000000008d600000| Complete 
| 215|0x000000008d700000, 0x000000008d800000, 0x000000008d800000|100%| E|CS|TAMS 0x000000008d700000, 0x000000008d700000| Complete 
| 216|0x000000008d800000, 0x000000008d900000, 0x000000008d900000|100%| E|CS|TAMS 0x000000008d800000, 0x000000008d800000| Complete 
| 217|0x000000008d900000, 0x000000008da00000, 0x000000008da00000|100%| E|CS|TAMS 0x000000008d900000, 0x000000008d900000| Complete 
| 218|0x000000008da00000, 0x000000008db00000, 0x000000008db00000|100%| E|  |TAMS 0x000000008da00000, 0x000000008da00000| Complete 
| 219|0x000000008db00000, 0x000000008dc00000, 0x000000008dc00000|100%| E|CS|TAMS 0x000000008db00000, 0x000000008db00000| Complete 
| 220|0x000000008dc00000, 0x000000008dd00000, 0x000000008dd00000|100%| E|CS|TAMS 0x000000008dc00000, 0x000000008dc00000| Complete 
| 221|0x000000008dd00000, 0x000000008de00000, 0x000000008de00000|100%| E|CS|TAMS 0x000000008dd00000, 0x000000008dd00000| Complete 
| 222|0x000000008de00000, 0x000000008df00000, 0x000000008df00000|100%| E|CS|TAMS 0x000000008de00000, 0x000000008de00000| Complete 
| 223|0x000000008df00000, 0x000000008e000000, 0x000000008e000000|100%| E|CS|TAMS 0x000000008df00000, 0x000000008df00000| Complete 
| 224|0x000000008e000000, 0x000000008e100000, 0x000000008e100000|100%| E|CS|TAMS 0x000000008e000000, 0x000000008e000000| Complete 
| 225|0x000000008e100000, 0x000000008e200000, 0x000000008e200000|100%| E|CS|TAMS 0x000000008e100000, 0x000000008e100000| Complete 
| 226|0x000000008e200000, 0x000000008e300000, 0x000000008e300000|100%| E|CS|TAMS 0x000000008e200000, 0x000000008e200000| Complete 
| 227|0x000000008e300000, 0x000000008e400000, 0x000000008e400000|100%| E|CS|TAMS 0x000000008e300000, 0x000000008e300000| Complete 
| 228|0x000000008e400000, 0x000000008e500000, 0x000000008e500000|100%| E|CS|TAMS 0x000000008e400000, 0x000000008e400000| Complete 
| 229|0x000000008e500000, 0x000000008e600000, 0x000000008e600000|100%| E|CS|TAMS 0x000000008e500000, 0x000000008e500000| Complete 
| 230|0x000000008e600000, 0x000000008e700000, 0x000000008e700000|100%| E|CS|TAMS 0x000000008e600000, 0x000000008e600000| Complete 
| 231|0x000000008e700000, 0x000000008e800000, 0x000000008e800000|100%| E|CS|TAMS 0x000000008e700000, 0x000000008e700000| Complete 
| 232|0x000000008e800000, 0x000000008e900000, 0x000000008e900000|100%| E|CS|TAMS 0x000000008e800000, 0x000000008e800000| Complete 
| 233|0x000000008e900000, 0x000000008ea00000, 0x000000008ea00000|100%| E|CS|TAMS 0x000000008e900000, 0x000000008e900000| Complete 
| 234|0x000000008ea00000, 0x000000008eb00000, 0x000000008eb00000|100%| E|CS|TAMS 0x000000008ea00000, 0x000000008ea00000| Complete 
| 235|0x000000008eb00000, 0x000000008ec00000, 0x000000008ec00000|100%| E|CS|TAMS 0x000000008eb00000, 0x000000008eb00000| Complete 
| 236|0x000000008ec00000, 0x000000008ed00000, 0x000000008ed00000|100%| E|CS|TAMS 0x000000008ec00000, 0x000000008ec00000| Complete 
| 237|0x000000008ed00000, 0x000000008ee00000, 0x000000008ee00000|100%| E|CS|TAMS 0x000000008ed00000, 0x000000008ed00000| Complete 
| 238|0x000000008ee00000, 0x000000008ef00000, 0x000000008ef00000|100%| E|CS|TAMS 0x000000008ee00000, 0x000000008ee00000| Complete 
| 239|0x000000008ef00000, 0x000000008f000000, 0x000000008f000000|100%| E|CS|TAMS 0x000000008ef00000, 0x000000008ef00000| Complete 
| 240|0x000000008f000000, 0x000000008f100000, 0x000000008f100000|100%| E|CS|TAMS 0x000000008f000000, 0x000000008f000000| Complete 
| 241|0x000000008f100000, 0x000000008f200000, 0x000000008f200000|100%| E|CS|TAMS 0x000000008f100000, 0x000000008f100000| Complete 
| 242|0x000000008f200000, 0x000000008f300000, 0x000000008f300000|100%| E|CS|TAMS 0x000000008f200000, 0x000000008f200000| Complete 
| 243|0x000000008f300000, 0x000000008f400000, 0x000000008f400000|100%| E|CS|TAMS 0x000000008f300000, 0x000000008f300000| Complete 
| 244|0x000000008f400000, 0x000000008f500000, 0x000000008f500000|100%| E|CS|TAMS 0x000000008f400000, 0x000000008f400000| Complete 
| 245|0x000000008f500000, 0x000000008f600000, 0x000000008f600000|100%| E|CS|TAMS 0x000000008f500000, 0x000000008f500000| Complete 
| 246|0x000000008f600000, 0x000000008f700000, 0x000000008f700000|100%| E|CS|TAMS 0x000000008f600000, 0x000000008f600000| Complete 
| 247|0x000000008f700000, 0x000000008f800000, 0x000000008f800000|100%| E|CS|TAMS 0x000000008f700000, 0x000000008f700000| Complete 
| 248|0x000000008f800000, 0x000000008f8f6e70, 0x000000008f900000| 96%| S|CS|TAMS 0x000000008f800000, 0x000000008f800000| Complete 
| 249|0x000000008f900000, 0x000000008fa00000, 0x000000008fa00000|100%| E|CS|TAMS 0x000000008f900000, 0x000000008f900000| Complete 
| 250|0x000000008fa00000, 0x000000008fb00000, 0x000000008fb00000|100%| E|CS|TAMS 0x000000008fa00000, 0x000000008fa00000| Complete 
| 251|0x000000008fb00000, 0x000000008fc00000, 0x000000008fc00000|100%| E|CS|TAMS 0x000000008fb00000, 0x000000008fb00000| Complete 
| 252|0x000000008fc00000, 0x000000008fd00000, 0x000000008fd00000|100%| E|CS|TAMS 0x000000008fc00000, 0x000000008fc00000| Complete 
| 253|0x000000008fd00000, 0x000000008fe00000, 0x000000008fe00000|100%| E|CS|TAMS 0x000000008fd00000, 0x000000008fd00000| Complete 
| 254|0x000000008fe00000, 0x000000008ff00000, 0x000000008ff00000|100%| E|CS|TAMS 0x000000008fe00000, 0x000000008fe00000| Complete 
| 255|0x000000008ff00000, 0x0000000090000000, 0x0000000090000000|100%| E|CS|TAMS 0x000000008ff00000, 0x000000008ff00000| Complete 

Card table byte_map: [0x0000028cf4ad0000,0x0000028cf4ed0000] _byte_map_base: 0x0000028cf46d0000

Marking Bits (Prev, Next): (CMBitMap*) 0x0000028cee978db0, (CMBitMap*) 0x0000028cee978d78
 Prev Bits: [0x0000028cf72d0000, 0x0000028cf92d0000)
 Next Bits: [0x0000028cf52d0000, 0x0000028cf72d0000)

Polling page: 0x0000028ceea00000

Metaspace:

Usage:
  Non-class:    109.60 MB capacity,   107.08 MB ( 98%) used,     2.04 MB (  2%) free+waste,   485.75 KB ( <1%) overhead. 
      Class:     16.77 MB capacity,    15.30 MB ( 91%) used,     1.26 MB (  8%) free+waste,   214.81 KB (  1%) overhead. 
       Both:    126.37 MB capacity,   122.39 MB ( 97%) used,     3.30 MB (  3%) free+waste,   700.56 KB ( <1%) overhead. 

Virtual space:
  Non-class space:      110.00 MB reserved,     109.77 MB (>99%) committed 
      Class space:        1.00 GB reserved,      16.77 MB (  2%) committed 
             Both:        1.11 GB reserved,     126.54 MB ( 11%) committed 

Chunk freelists:
   Non-Class:  50.00 KB
       Class:  0 bytes
        Both:  50.00 KB

MaxMetaspaceSize: 17179869184.00 GB
CompressedClassSpaceSize: 1.00 GB
Initial GC threshold: 20.80 MB
Current GC threshold: 209.66 MB
CDS: off

CodeHeap 'non-profiled nmethods': size=120000Kb used=16418Kb max_used=16418Kb free=103582Kb
 bounds [0x0000028c87ad0000, 0x0000028c88ae0000, 0x0000028c8f000000]
CodeHeap 'profiled nmethods': size=120000Kb used=47845Kb max_used=47845Kb free=72154Kb
 bounds [0x0000028c805a0000, 0x0000028c83460000, 0x0000028c87ad0000]
CodeHeap 'non-nmethods': size=5760Kb used=2456Kb max_used=2539Kb free=3303Kb
 bounds [0x0000028c80000000, 0x0000028c80290000, 0x0000028c805a0000]
 total_blobs=22835 nmethods=21847 adapters=898
 compilation: enabled
              stopped_count=0, restarted_count=0
 full_count=0

Compilation events (20 events):
Event: 1006.942 Thread 0x0000028cfc6c8000 nmethod 23680 0x0000028c83439510 code [0x0000028c83439aa0, 0x0000028c8343d2f8]
Event: 1006.942 Thread 0x0000028cfc6c8000 23681       3       org.gradle.api.internal.tasks.properties.GetInputPropertiesVisitor::<init> (12 bytes)
Event: 1006.942 Thread 0x0000028cfc6c8000 nmethod 23681 0x0000028c8343e710 code [0x0000028c8343e920, 0x0000028c8343efb8]
Event: 1006.942 Thread 0x0000028cfc6c8000 23682       3       org.gradle.api.internal.tasks.properties.GetInputFilesVisitor::<init> (22 bytes)
Event: 1006.942 Thread 0x0000028cfc6c8000 nmethod 23682 0x0000028c8343f210 code [0x0000028c8343f400, 0x0000028c8343f978]
Event: 1006.942 Thread 0x0000028cfc6c8000 23683       3       org.gradle.api.internal.tasks.properties.GetInputPropertiesVisitor::getProperties (8 bytes)
Event: 1006.943 Thread 0x0000028cfc6c8000 nmethod 23683 0x0000028c8343fb10 code [0x0000028c8343fcc0, 0x0000028c8343fde8]
Event: 1006.943 Thread 0x0000028cfc6c8000 23684       3       org.gradle.api.internal.AbstractTask::getSharedResources (100 bytes)
Event: 1006.943 Thread 0x0000028cfc6c8000 nmethod 23684 0x0000028c8343fe90 code [0x0000028c834401c0, 0x0000028c83441798]
Event: 1006.957 Thread 0x0000028cfc6c8000 23685       3       org.gradle.internal.vfs.impl.VersionHierarchy$2::mergeWithExisting (9 bytes)
Event: 1006.958 Thread 0x0000028cfc6c8000 nmethod 23685 0x0000028c83441e10 code [0x0000028c83442000, 0x0000028c83442518]
Event: 1006.958 Thread 0x0000028cfc6c8000 23686       3       org.gradle.internal.vfs.impl.VersionHierarchy$2::mergeWithExisting (5 bytes)
Event: 1006.958 Thread 0x0000028cfc6c8000 nmethod 23686 0x0000028c83442710 code [0x0000028c83442900, 0x0000028c83442cb8]
Event: 1006.958 Thread 0x0000028cfc6c8000 23687   !   3       com.sun.proxy.$Proxy111::afterExecute (38 bytes)
Event: 1006.958 Thread 0x0000028cfc6c8000 nmethod 23687 0x0000028c83442e90 code [0x0000028c83443080, 0x0000028c834436d8]
Event: 1006.958 Thread 0x0000028cfc6c8000 23688       3       org.gradle.api.internal.tasks.execution.statistics.TaskExecutionStatisticsEventAdapter::afterExecute (88 bytes)
Event: 1006.959 Thread 0x0000028cfc6c8000 nmethod 23688 0x0000028c83443990 code [0x0000028c83443b60, 0x0000028c83443f18]
Event: 1006.959 Thread 0x0000028cfc6c8000 23689       3       org.gradle.internal.build.event.DefaultBuildEventsListenerRegistry$ForwardingBuildEventConsumer::handle (9 bytes)
Event: 1006.959 Thread 0x0000028cfc6c8000 nmethod 23689 0x0000028c83444090 code [0x0000028c83444260, 0x0000028c83444488]
Event: 1006.959 Thread 0x0000028cfc6c8000 23690       3       org.gradle.internal.build.event.DefaultBuildEventsListenerRegistry$ForwardingBuildEventConsumer::handle (77 bytes)

GC Heap History (20 events):
Event: 847.599 GC heap before
{Heap before GC invocations=59 (full 0):
 garbage-first heap   total 262144K, used 140067K [0x0000000080000000, 0x0000000100000000)
  region size 1024K, 12 young (12288K), 7 survivors (7168K)
 Metaspace       used 123653K, capacity 127211K, committed 128044K, reserved 1161216K
  class space    used 15424K, capacity 16751K, committed 17176K, reserved 1048576K
}
Event: 847.604 GC heap after
{Heap after GC invocations=60 (full 0):
 garbage-first heap   total 262144K, used 126135K [0x0000000080000000, 0x0000000100000000)
  region size 1024K, 2 young (2048K), 2 survivors (2048K)
 Metaspace       used 123653K, capacity 127211K, committed 128044K, reserved 1161216K
  class space    used 15424K, capacity 16751K, committed 17176K, reserved 1048576K
}
Event: 847.654 GC heap before
{Heap before GC invocations=60 (full 0):
 garbage-first heap   total 262144K, used 151735K [0x0000000080000000, 0x0000000100000000)
  region size 1024K, 28 young (28672K), 2 survivors (2048K)
 Metaspace       used 123660K, capacity 127211K, committed 128044K, reserved 1161216K
  class space    used 15424K, capacity 16751K, committed 17176K, reserved 1048576K
}
Event: 847.662 GC heap after
{Heap after GC invocations=61 (full 0):
 garbage-first heap   total 262144K, used 140107K [0x0000000080000000, 0x0000000100000000)
  region size 1024K, 7 young (7168K), 7 survivors (7168K)
 Metaspace       used 123660K, capacity 127211K, committed 128044K, reserved 1161216K
  class space    used 15424K, capacity 16751K, committed 17176K, reserved 1048576K
}
Event: 848.586 GC heap before
{Heap before GC invocations=62 (full 0):
 garbage-first heap   total 262144K, used 196427K [0x0000000080000000, 0x0000000100000000)
  region size 1024K, 49 young (50176K), 7 survivors (7168K)
 Metaspace       used 123705K, capacity 127340K, committed 128300K, reserved 1161216K
  class space    used 15424K, capacity 16751K, committed 17176K, reserved 1048576K
}
Event: 848.592 GC heap after
{Heap after GC invocations=63 (full 0):
 garbage-first heap   total 262144K, used 142903K [0x0000000080000000, 0x0000000100000000)
  region size 1024K, 6 young (6144K), 6 survivors (6144K)
 Metaspace       used 123705K, capacity 127340K, committed 128300K, reserved 1161216K
  class space    used 15424K, capacity 16751K, committed 17176K, reserved 1048576K
}
Event: 848.599 GC heap before
{Heap before GC invocations=63 (full 0):
 garbage-first heap   total 262144K, used 148023K [0x0000000080000000, 0x0000000100000000)
  region size 1024K, 12 young (12288K), 6 survivors (6144K)
 Metaspace       used 123706K, capacity 127340K, committed 128300K, reserved 1161216K
  class space    used 15424K, capacity 16751K, committed 17176K, reserved 1048576K
}
Event: 848.604 GC heap after
{Heap after GC invocations=64 (full 0):
 garbage-first heap   total 262144K, used 134303K [0x0000000080000000, 0x0000000100000000)
  region size 1024K, 2 young (2048K), 2 survivors (2048K)
 Metaspace       used 123706K, capacity 127340K, committed 128300K, reserved 1161216K
  class space    used 15424K, capacity 16751K, committed 17176K, reserved 1048576K
}
Event: 848.712 GC heap before
{Heap before GC invocations=64 (full 0):
 garbage-first heap   total 262144K, used 157855K [0x0000000080000000, 0x0000000100000000)
  region size 1024K, 27 young (27648K), 2 survivors (2048K)
 Metaspace       used 123759K, capacity 127345K, committed 128300K, reserved 1161216K
  class space    used 15424K, capacity 16751K, committed 17176K, reserved 1048576K
}
Event: 848.715 GC heap after
{Heap after GC invocations=65 (full 0):
 garbage-first heap   total 262144K, used 133644K [0x0000000080000000, 0x0000000100000000)
  region size 1024K, 1 young (1024K), 1 survivors (1024K)
 Metaspace       used 123759K, capacity 127345K, committed 128300K, reserved 1161216K
  class space    used 15424K, capacity 16751K, committed 17176K, reserved 1048576K
}
Event: 997.079 GC heap before
{Heap before GC invocations=66 (full 0):
 garbage-first heap   total 262144K, used 197132K [0x0000000080000000, 0x0000000100000000)
  region size 1024K, 52 young (53248K), 1 survivors (1024K)
 Metaspace       used 124308K, capacity 128111K, committed 128556K, reserved 1161216K
  class space    used 15504K, capacity 16898K, committed 17176K, reserved 1048576K
}
Event: 997.084 GC heap after
{Heap after GC invocations=67 (full 0):
 garbage-first heap   total 262144K, used 127343K [0x0000000080000000, 0x0000000100000000)
  region size 1024K, 7 young (7168K), 7 survivors (7168K)
 Metaspace       used 124308K, capacity 128111K, committed 128556K, reserved 1161216K
  class space    used 15504K, capacity 16898K, committed 17176K, reserved 1048576K
}
Event: 997.092 GC heap before
{Heap before GC invocations=67 (full 0):
 garbage-first heap   total 262144K, used 131439K [0x0000000080000000, 0x0000000100000000)
  region size 1024K, 12 young (12288K), 7 survivors (7168K)
 Metaspace       used 124308K, capacity 128111K, committed 128556K, reserved 1161216K
  class space    used 15504K, capacity 16898K, committed 17176K, reserved 1048576K
}
Event: 997.096 GC heap after
{Heap after GC invocations=68 (full 0):
 garbage-first heap   total 262144K, used 121781K [0x0000000080000000, 0x0000000100000000)
  region size 1024K, 2 young (2048K), 2 survivors (2048K)
 Metaspace       used 124308K, capacity 128111K, committed 128556K, reserved 1161216K
  class space    used 15504K, capacity 16898K, committed 17176K, reserved 1048576K
}
Event: 997.146 GC heap before
{Heap before GC invocations=68 (full 0):
 garbage-first heap   total 262144K, used 149429K [0x0000000080000000, 0x0000000100000000)
  region size 1024K, 30 young (30720K), 2 survivors (2048K)
 Metaspace       used 124322K, capacity 128175K, committed 128812K, reserved 1161216K
  class space    used 15504K, capacity 16898K, committed 17176K, reserved 1048576K
}
Event: 997.154 GC heap after
{Heap after GC invocations=69 (full 0):
 garbage-first heap   total 262144K, used 137727K [0x0000000080000000, 0x0000000100000000)
  region size 1024K, 8 young (8192K), 8 survivors (8192K)
 Metaspace       used 124322K, capacity 128175K, committed 128812K, reserved 1161216K
  class space    used 15504K, capacity 16898K, committed 17176K, reserved 1048576K
}
Event: 1006.689 GC heap before
{Heap before GC invocations=70 (full 0):
 garbage-first heap   total 262144K, used 198143K [0x0000000080000000, 0x0000000100000000)
  region size 1024K, 52 young (53248K), 8 survivors (8192K)
 Metaspace       used 124952K, capacity 129025K, committed 129324K, reserved 1161216K
  class space    used 15623K, capacity 17098K, committed 17176K, reserved 1048576K
}
Event: 1006.695 GC heap after
{Heap after GC invocations=71 (full 0):
 garbage-first heap   total 262144K, used 141235K [0x0000000080000000, 0x0000000100000000)
  region size 1024K, 5 young (5120K), 5 survivors (5120K)
 Metaspace       used 124952K, capacity 129025K, committed 129324K, reserved 1161216K
  class space    used 15623K, capacity 17098K, committed 17176K, reserved 1048576K
}
Event: 1006.726 GC heap before
{Heap before GC invocations=71 (full 0):
 garbage-first heap   total 262144K, used 147379K [0x0000000080000000, 0x0000000100000000)
  region size 1024K, 12 young (12288K), 5 survivors (5120K)
 Metaspace       used 124962K, capacity 129026K, committed 129324K, reserved 1161216K
  class space    used 15623K, capacity 17098K, committed 17176K, reserved 1048576K
}
Event: 1006.731 GC heap after
{Heap after GC invocations=72 (full 0):
 garbage-first heap   total 262144K, used 130981K [0x0000000080000000, 0x0000000100000000)
  region size 1024K, 1 young (1024K), 1 survivors (1024K)
 Metaspace       used 124962K, capacity 129026K, committed 129324K, reserved 1161216K
  class space    used 15623K, capacity 17098K, committed 17176K, reserved 1048576K
}

Deoptimization events (20 events):
Event: 998.144 Thread 0x0000028cfd832800 Uncommon trap: trap_request=0xffffffc6 fr.pc=0x0000028c88060968 relative=0x0000000000000be8
Event: 998.144 Thread 0x0000028cfd832800 Uncommon trap: reason=bimorphic_or_optimized_type_check action=maybe_recompile pc=0x0000028c88060968 method=com.google.common.cache.LocalCache$Segment.get(Ljava/lang/Object;I)Ljava/lang/Object; @ 44 c2
Event: 998.144 Thread 0x0000028cfd832800 DEOPT PACKING pc=0x0000028c88060968 sp=0x0000009dc57fce50
Event: 998.144 Thread 0x0000028cfd832800 DEOPT UNPACKING pc=0x0000028c8004a1af sp=0x0000009dc57fcda0 mode 2
Event: 998.145 Thread 0x0000028cfd832800 Uncommon trap: trap_request=0xffffffc6 fr.pc=0x0000028c88060968 relative=0x0000000000000be8
Event: 998.145 Thread 0x0000028cfd832800 Uncommon trap: reason=bimorphic_or_optimized_type_check action=maybe_recompile pc=0x0000028c88060968 method=com.google.common.cache.LocalCache$Segment.get(Ljava/lang/Object;I)Ljava/lang/Object; @ 44 c2
Event: 998.145 Thread 0x0000028cfd832800 DEOPT PACKING pc=0x0000028c88060968 sp=0x0000009dc57fc7c0
Event: 998.145 Thread 0x0000028cfd832800 DEOPT UNPACKING pc=0x0000028c8004a1af sp=0x0000009dc57fc710 mode 2
Event: 998.146 Thread 0x0000028cfd832800 Uncommon trap: trap_request=0xffffffd6 fr.pc=0x0000028c887c7b40 relative=0x0000000000000860
Event: 998.146 Thread 0x0000028cfd832800 Uncommon trap: reason=array_check action=maybe_recompile pc=0x0000028c887c7b40 method=java.util.ComparableTimSort.binarySort([Ljava/lang/Object;III)V @ 193 c2
Event: 998.146 Thread 0x0000028cfd832800 DEOPT PACKING pc=0x0000028c887c7b40 sp=0x0000009dc57fbf10
Event: 998.146 Thread 0x0000028cfd832800 DEOPT UNPACKING pc=0x0000028c8004a1af sp=0x0000009dc57fbeb0 mode 2
Event: 998.147 Thread 0x0000028cfd832800 Uncommon trap: trap_request=0xffffffd6 fr.pc=0x0000028c887c7bfc relative=0x000000000000091c
Event: 998.147 Thread 0x0000028cfd832800 Uncommon trap: reason=array_check action=maybe_recompile pc=0x0000028c887c7bfc method=java.util.ComparableTimSort.binarySort([Ljava/lang/Object;III)V @ 183 c2
Event: 998.147 Thread 0x0000028cfd832800 DEOPT PACKING pc=0x0000028c887c7bfc sp=0x0000009dc57f9400
Event: 998.147 Thread 0x0000028cfd832800 DEOPT UNPACKING pc=0x0000028c8004a1af sp=0x0000009dc57f93a0 mode 2
Event: 998.148 Thread 0x0000028cfd832800 DEOPT PACKING pc=0x0000028c83372a7d sp=0x0000009dc57fc450
Event: 998.148 Thread 0x0000028cfd832800 DEOPT UNPACKING pc=0x0000028c8004a95e sp=0x0000009dc57fb918 mode 0
Event: 1006.897 Thread 0x0000028c972c0000 DEOPT PACKING pc=0x0000028c81c6e1b4 sp=0x0000009dcd2fd1e0
Event: 1006.897 Thread 0x0000028c972c0000 DEOPT UNPACKING pc=0x0000028c8004a95e sp=0x0000009dcd2fc5f0 mode 0

Classes redefined (0 events):
No events

Internal exceptions (20 events):
Event: 998.175 Thread 0x0000028cfd82e000 Exception <a 'java/lang/NoSuchMethodError'{0x000000008d5f8668}: <clinit>> (0x000000008d5f8668) thrown at [src/hotspot/share/prims/jni.cpp, line 1367]
Event: 998.177 Thread 0x0000028cfd82e000 Exception <a 'java/lang/NoSuchMethodError'{0x000000008d411478}: <clinit>> (0x000000008d411478) thrown at [src/hotspot/share/prims/jni.cpp, line 1367]
Event: 998.178 Thread 0x0000028cfd82e000 Exception <a 'java/lang/NoSuchMethodError'{0x000000008d4206d0}: <clinit>> (0x000000008d4206d0) thrown at [src/hotspot/share/prims/jni.cpp, line 1367]
Event: 1006.749 Thread 0x0000028cfd832800 Exception <a 'sun/nio/fs/WindowsException'{0x000000008fcfd6d8}> (0x000000008fcfd6d8) thrown at [src/hotspot/share/prims/jni.cpp, line 617]
Event: 1006.769 Thread 0x0000028cfd832800 Exception <a 'java/lang/NoClassDefFoundError'{0x000000008f788038}: org/jetbrains/kotlin/gradle/plugin/KotlinBasePluginWrapper> (0x000000008f788038) thrown at [src/hotspot/share/oops/constantPool.cpp, line 775]
Event: 1006.780 Thread 0x0000028cfd832800 Exception <a 'sun/nio/fs/WindowsException'{0x000000008f518af8}> (0x000000008f518af8) thrown at [src/hotspot/share/prims/jni.cpp, line 617]
Event: 1006.784 Thread 0x0000028cfd832800 Exception <a 'sun/nio/fs/WindowsException'{0x000000008f5b5f10}> (0x000000008f5b5f10) thrown at [src/hotspot/share/prims/jni.cpp, line 617]
Event: 1006.785 Thread 0x0000028cfd832800 Exception <a 'sun/nio/fs/WindowsException'{0x000000008f5b72b8}> (0x000000008f5b72b8) thrown at [src/hotspot/share/prims/jni.cpp, line 617]
Event: 1006.785 Thread 0x0000028cfd832800 Exception <a 'sun/nio/fs/WindowsException'{0x000000008f5b86b0}> (0x000000008f5b86b0) thrown at [src/hotspot/share/prims/jni.cpp, line 617]
Event: 1006.785 Thread 0x0000028cfd832800 Exception <a 'sun/nio/fs/WindowsException'{0x000000008f5b9aa8}> (0x000000008f5b9aa8) thrown at [src/hotspot/share/prims/jni.cpp, line 617]
Event: 1006.905 Thread 0x0000028c972c0000 Exception <a 'sun/nio/fs/WindowsException'{0x000000008e2830b0}> (0x000000008e2830b0) thrown at [src/hotspot/share/prims/jni.cpp, line 617]
Event: 1006.905 Thread 0x0000028c972c0000 Exception <a 'sun/nio/fs/WindowsException'{0x000000008e283f60}> (0x000000008e283f60) thrown at [src/hotspot/share/prims/jni.cpp, line 617]
Event: 1006.905 Thread 0x0000028c972c0000 Exception <a 'sun/nio/fs/WindowsException'{0x000000008e2842c0}> (0x000000008e2842c0) thrown at [src/hotspot/share/prims/jni.cpp, line 617]
Event: 1006.905 Thread 0x0000028c972c0000 Exception <a 'sun/nio/fs/WindowsException'{0x000000008e285150}> (0x000000008e285150) thrown at [src/hotspot/share/prims/jni.cpp, line 617]
Event: 1006.905 Thread 0x0000028c972c0000 Exception <a 'sun/nio/fs/WindowsException'{0x000000008e285468}> (0x000000008e285468) thrown at [src/hotspot/share/prims/jni.cpp, line 617]
Event: 1006.905 Thread 0x0000028c972c0000 Exception <a 'sun/nio/fs/WindowsException'{0x000000008e286588}> (0x000000008e286588) thrown at [src/hotspot/share/prims/jni.cpp, line 617]
Event: 1006.905 Thread 0x0000028c972c0000 Exception <a 'sun/nio/fs/WindowsException'{0x000000008e286840}> (0x000000008e286840) thrown at [src/hotspot/share/prims/jni.cpp, line 617]
Event: 1006.905 Thread 0x0000028c972c0000 Exception <a 'sun/nio/fs/WindowsException'{0x000000008e2876b8}> (0x000000008e2876b8) thrown at [src/hotspot/share/prims/jni.cpp, line 617]
Event: 1006.905 Thread 0x0000028c972c0000 Exception <a 'sun/nio/fs/WindowsException'{0x000000008e287980}> (0x000000008e287980) thrown at [src/hotspot/share/prims/jni.cpp, line 617]
Event: 1006.957 Thread 0x0000028c95416000 Exception <a 'java/io/IOException'{0x000000008dacd548}> (0x000000008dacd548) thrown at [src/hotspot/share/prims/jni.cpp, line 617]

Events (20 events):
Event: 1006.927 Thread 0x0000028cff4f5800 Thread added: 0x0000028cff4f5800
Event: 1006.956 Executing VM operation: RevokeBias
Event: 1006.956 Executing coalesced safepoint VM operation: RevokeBias
Event: 1006.956 Executing coalesced safepoint VM operation: RevokeBias done
Event: 1006.956 Executing VM operation: RevokeBias done
Event: 1006.956 Executing VM operation: RevokeBias
Event: 1006.957 Executing coalesced safepoint VM operation: RevokeBias
Event: 1006.957 Executing coalesced safepoint VM operation: RevokeBias done
Event: 1006.957 Executing VM operation: RevokeBias done
Event: 1006.957 Thread 0x0000028c95413800 Thread exited: 0x0000028c95413800
Event: 1006.957 Thread 0x0000028cff4f5800 Thread exited: 0x0000028cff4f5800
Event: 1006.957 Executing VM operation: RevokeBias
Event: 1006.957 Executing VM operation: RevokeBias done
Event: 1006.957 Thread 0x0000028c95412800 Thread exited: 0x0000028c95412800
Event: 1006.959 Executing VM operation: RevokeBias
Event: 1006.959 Executing VM operation: RevokeBias done
Event: 1006.959 Executing VM operation: RevokeBias
Event: 1006.959 Executing VM operation: RevokeBias done
Event: 1006.959 Executing VM operation: RevokeBias
Event: 1006.959 Executing VM operation: RevokeBias done


Dynamic libraries:
0x00007ff7e30b0000 - 0x00007ff7e30ba000 	C:\Program Files\Android\Android Studio\jbr\bin\java.exe
0x00007ffa37600000 - 0x00007ffa377ef000 	C:\Windows\SYSTEM32\ntdll.dll
0x00007ffa36c20000 - 0x00007ffa36cd3000 	C:\Windows\System32\KERNEL32.DLL
0x00007ffa336e0000 - 0x00007ffa3397d000 	C:\Windows\System32\KERNELBASE.dll
0x00007ffa342d0000 - 0x00007ffa343ca000 	C:\Windows\System32\ucrtbase.dll
0x00007ffa1d7e0000 - 0x00007ffa1d7fb000 	C:\Program Files\Android\Android Studio\jbr\bin\VCRUNTIME140.dll
0x00007ffa2eb80000 - 0x00007ffa2eb97000 	C:\Program Files\Android\Android Studio\jbr\bin\jli.dll
0x00007ffa37350000 - 0x00007ffa374e8000 	C:\Windows\System32\USER32.dll
0x00007ffa34480000 - 0x00007ffa344a0000 	C:\Windows\System32\win32u.dll
0x00007ffa374f0000 - 0x00007ffa37519000 	C:\Windows\System32\GDI32.dll
0x00007ffa1cc10000 - 0x00007ffa1ce89000 	C:\Windows\WinSxS\amd64_microsoft.windows.common-controls_6595b64144ccf1df_6.0.17763.4377_none_de744a4e53489aa3\COMCTL32.dll
0x00007ffa34500000 - 0x00007ffa346a6000 	C:\Windows\System32\gdi32full.dll
0x00007ffa36e60000 - 0x00007ffa36efe000 	C:\Windows\System32\msvcrt.dll
0x00007ffa346b0000 - 0x00007ffa34750000 	C:\Windows\System32\msvcp_win.dll
0x00007ffa35d60000 - 0x00007ffa3608b000 	C:\Windows\System32\combase.dll
0x00007ffa36880000 - 0x00007ffa3699e000 	C:\Windows\System32\RPCRT4.dll
0x00007ffa343f0000 - 0x00007ffa34472000 	C:\Windows\System32\bcryptPrimitives.dll
0x00007ffa34800000 - 0x00007ffa3482e000 	C:\Windows\System32\IMM32.DLL
0x00007ffa1d750000 - 0x00007ffa1d7dd000 	C:\Program Files\Android\Android Studio\jbr\bin\msvcp140.dll
0x00007ffa1f5e0000 - 0x00007ffa1f5ec000 	C:\Windows\SYSTEM32\VCRUNTIME140_1.dll
0x00007ff9f20c0000 - 0x00007ff9f2c7c000 	C:\Program Files\Android\Android Studio\jbr\bin\server\jvm.dll
0x00007ffa36090000 - 0x00007ffa36137000 	C:\Windows\System32\ADVAPI32.dll
0x00007ffa36ad0000 - 0x00007ffa36b6f000 	C:\Windows\System32\sechost.dll
0x00007ffa1f5d0000 - 0x00007ffa1f5d9000 	C:\Windows\SYSTEM32\WSOCK32.dll
0x00007ffa34830000 - 0x00007ffa34838000 	C:\Windows\System32\PSAPI.DLL
0x00007ffa367b0000 - 0x00007ffa3681d000 	C:\Windows\System32\WS2_32.dll
0x00007ffa31120000 - 0x00007ffa31144000 	C:\Windows\SYSTEM32\WINMM.dll
0x00007ffa2e000000 - 0x00007ffa2e00a000 	C:\Windows\SYSTEM32\VERSION.dll
0x00007ffa310f0000 - 0x00007ffa3111d000 	C:\Windows\SYSTEM32\winmmbase.dll
0x00007ffa33660000 - 0x00007ffa336aa000 	C:\Windows\System32\cfgmgr32.dll
0x00007ffa33590000 - 0x00007ffa335a1000 	C:\Windows\System32\kernel.appcore.dll
0x00007ffa31220000 - 0x00007ffa31230000 	C:\Program Files\Android\Android Studio\jbr\bin\verify.dll
0x00007ffa1f350000 - 0x00007ffa1f53d000 	C:\Windows\SYSTEM32\DBGHELP.DLL
0x00007ffa1e9a0000 - 0x00007ffa1e9ca000 	C:\Windows\SYSTEM32\dbgcore.DLL
0x00007ffa215d0000 - 0x00007ffa215f8000 	C:\Program Files\Android\Android Studio\jbr\bin\java.dll
0x00007ffa311b0000 - 0x00007ffa311ba000 	C:\Program Files\Android\Android Studio\jbr\bin\jimage.dll
0x00007ffa2e860000 - 0x00007ffa2e878000 	C:\Program Files\Android\Android Studio\jbr\bin\zip.dll
0x00007ffa34860000 - 0x00007ffa35d58000 	C:\Windows\System32\SHELL32.dll
0x00007ffa36f00000 - 0x00007ffa36fa7000 	C:\Windows\System32\shcore.dll
0x00007ffa33b80000 - 0x00007ffa342c9000 	C:\Windows\System32\windows.storage.dll
0x00007ffa33630000 - 0x00007ffa33653000 	C:\Windows\System32\profapi.dll
0x00007ffa335b0000 - 0x00007ffa3360d000 	C:\Windows\System32\powrprof.dll
0x00007ffa36820000 - 0x00007ffa36872000 	C:\Windows\System32\shlwapi.dll
0x00007ffa343d0000 - 0x00007ffa343eb000 	C:\Windows\System32\cryptsp.dll
0x00007ffa23010000 - 0x00007ffa23029000 	C:\Program Files\Android\Android Studio\jbr\bin\net.dll
0x00007ffa300b0000 - 0x00007ffa301af000 	C:\Windows\SYSTEM32\WINHTTP.dll
0x00007ffa32de0000 - 0x00007ffa32e47000 	C:\Windows\system32\mswsock.dll
0x00007ffa20ed0000 - 0x00007ffa20ee3000 	C:\Program Files\Android\Android Studio\jbr\bin\nio.dll
0x00007ffa2eba0000 - 0x00007ffa2ebc7000 	C:\Users\pr110surovcev\.gradle\native\e1d6ef7f7dcc3fd88c89a11ec53ec762bb8ba0a96d01ffa2cd45eb1d1d8dd5c5\windows-amd64\native-platform.dll
0x00007ffa1c3f0000 - 0x00007ffa1c534000 	C:\Users\pr110surovcev\.gradle\native\0d407fdbe67a94daf76414ababcb853783967236a71b16ec16e742cd7a986fd3\windows-amd64\native-platform-file-events.dll
0x00007ffa2ee10000 - 0x00007ffa2ee1a000 	C:\Program Files\Android\Android Studio\jbr\bin\management.dll
0x00007ffa2ebd0000 - 0x00007ffa2ebdb000 	C:\Program Files\Android\Android Studio\jbr\bin\management_ext.dll
0x00007ffa32960000 - 0x00007ffa32993000 	C:\Windows\system32\rsaenh.dll
0x00007ffa336b0000 - 0x00007ffa336d6000 	C:\Windows\System32\bcrypt.dll
0x00007ffa334c0000 - 0x00007ffa334e9000 	C:\Windows\SYSTEM32\USERENV.dll
0x00007ffa32fb0000 - 0x00007ffa32fbc000 	C:\Windows\SYSTEM32\CRYPTBASE.dll
0x00007ffa32af0000 - 0x00007ffa32b2d000 	C:\Windows\SYSTEM32\IPHLPAPI.DLL
0x00007ffa36e50000 - 0x00007ffa36e58000 	C:\Windows\System32\NSI.dll
0x00007ffa301b0000 - 0x00007ffa301c6000 	C:\Windows\SYSTEM32\dhcpcsvc6.DLL
0x00007ffa2fea0000 - 0x00007ffa2febc000 	C:\Windows\SYSTEM32\dhcpcsvc.DLL
0x00007ffa32b30000 - 0x00007ffa32bf6000 	C:\Windows\SYSTEM32\DNSAPI.dll
0x00007ffa32490000 - 0x00007ffa324c1000 	C:\Windows\SYSTEM32\ntmarta.dll
0x00007ffa1d640000 - 0x00007ffa1d667000 	C:\Program Files\Android\Android Studio\jbr\bin\sunec.dll

dbghelp: loaded successfully - version: 4.0.5 - missing functions: none
symbol engine: initialized successfully - sym options: 0x614 - pdb path: .;C:\Program Files\Android\Android Studio\jbr\bin;C:\Windows\SYSTEM32;C:\Windows\WinSxS\amd64_microsoft.windows.common-controls_6595b64144ccf1df_6.0.17763.4377_none_de744a4e53489aa3;C:\Program Files\Android\Android Studio\jbr\bin\server;C:\Users\pr110surovcev\.gradle\native\e1d6ef7f7dcc3fd88c89a11ec53ec762bb8ba0a96d01ffa2cd45eb1d1d8dd5c5\windows-amd64;C:\Users\pr110surovcev\.gradle\native\0d407fdbe67a94daf76414ababcb853783967236a71b16ec16e742cd7a986fd3\windows-amd64

VM Arguments:
jvm_args: --add-opens=java.base/java.util=ALL-UNNAMED --add-opens=java.base/java.lang=ALL-UNNAMED --add-opens=java.base/java.lang.invoke=ALL-UNNAMED --add-opens=java.base/java.util=ALL-UNNAMED --add-opens=java.prefs/java.util.prefs=ALL-UNNAMED --add-opens=java.prefs/java.util.prefs=ALL-UNNAMED --add-opens=java.base/java.nio.charset=ALL-UNNAMED --add-opens=java.base/java.net=ALL-UNNAMED --add-opens=java.base/java.util.concurrent.atomic=ALL-UNNAMED -Xmx2048m -Dfile.encoding=UTF-8 -Duser.country=RU -Duser.language=ru -Duser.variant 
java_command: org.gradle.launcher.daemon.bootstrap.GradleDaemon 7.5
java_class_path (initial): C:\Users\pr110surovcev\.gradle\wrapper\dists\gradle-7.5-bin\f1w0cc9nuo0eivz97x2xlu9sv\gradle-7.5\lib\gradle-launcher-7.5.jar
Launcher Type: SUN_STANDARD

[Global flags]
     intx CICompilerCount                          = 4                                         {product} {ergonomic}
     uint ConcGCThreads                            = 2                                         {product} {ergonomic}
     uint G1ConcRefinementThreads                  = 8                                         {product} {ergonomic}
   size_t G1HeapRegionSize                         = 1048576                                   {product} {ergonomic}
    uintx GCDrainStackTargetSize                   = 64                                        {product} {ergonomic}
   size_t InitialHeapSize                          = 268435456                                 {product} {ergonomic}
   size_t MarkStackSize                            = 4194304                                   {product} {ergonomic}
   size_t MaxHeapSize                              = 2147483648                                {product} {command line}
   size_t MaxNewSize                               = 1287651328                                {product} {ergonomic}
   size_t MinHeapDeltaBytes                        = 1048576                                   {product} {ergonomic}
    uintx NonNMethodCodeHeapSize                   = 5836300                                {pd product} {ergonomic}
    uintx NonProfiledCodeHeapSize                  = 122910970                              {pd product} {ergonomic}
    uintx ProfiledCodeHeapSize                     = 122910970                              {pd product} {ergonomic}
    uintx ReservedCodeCacheSize                    = 251658240                              {pd product} {ergonomic}
     bool SegmentedCodeCache                       = true                                      {product} {ergonomic}
     bool UseCompressedClassPointers               = true                                 {lp64_product} {ergonomic}
     bool UseCompressedOops                        = true                                 {lp64_product} {ergonomic}
     bool UseG1GC                                  = true                                      {product} {ergonomic}
     bool UseLargePagesIndividualAllocation        = false                                  {pd product} {ergonomic}

Logging:
Log output configuration:
 #0: stdout all=warning uptime,level,tags
 #1: stderr all=off uptime,level,tags

Environment Variables:
JAVA_HOME=C:\Program Files\Android\Jdk\microsoft_dist_openjdk_1.8.0.25
PATH=C:\Program Files\Common Files\Oracle\Java\javapath;C:\Program Files (x86)\Python38\Scripts\;C:\Program Files (x86)\Python38\;C:\Program Files\Microsoft MPI\Bin\;C:\Windows\system32;C:\Windows;C:\Windows\System32\Wbem;C:\Windows\System32\WindowsPowerShell\v1.0\;C:\Windows\System32\OpenSSH\;C:\Program Files (x86)\Microsoft SQL Server\150\DTS\Binn\;C:\Program Files\dotnet\;C:\Program Files\Microsoft SQL Server\130\Tools\Binn\;C:\Program Files (x86)\Microsoft SQL Server\140\Tools\Binn\;C:\Program Files\Microsoft SQL Server\140\Tools\Binn\;C:\Program Files (x86)\Microsoft SQL Server\140\DTS\Binn\;C:\Program Files\Microsoft SQL Server\140\DTS\Binn\;C:\Program Files\Microsoft SQL Server\Client SDK\ODBC\130\Tools\Binn\;C:\Program Files\Microsoft SQL Server\Client SDK\ODBC\170\Tools\Binn\;C:\Program Files (x86)\IncrediBuild;C:\Program Files (x86)\NVIDIA Corporation\PhysX\Common;C:\Program Files\Git\cmd;C:\Program Files\Azure Data Studio\bin;C:\Program Files\Microsoft VS Code\bin;C:\Users\pr110surovcev\AppData\Local\Microsoft\WindowsApps;
USERNAME=pr110surovcev
OS=Windows_NT
PROCESSOR_IDENTIFIER=Intel64 Family 6 Model 158 Stepping 13, GenuineIntel



---------------  S Y S T E M  ---------------

OS: Windows 10 , 64 bit Build 17763 (10.0.17763.4377)
OS uptime: 0 days 1:38 hours

CPU:total 8 (initial active 8) (8 cores per cpu, 1 threads per core) family 6 model 158 stepping 13 microcode 0xde, cmov, cx8, fxsr, mmx, sse, sse2, sse3, ssse3, sse4.1, sse4.2, popcnt, avx, avx2, aes, clmul, erms, 3dnowpref, lzcnt, tsc, tscinvbit, bmi1, bmi2, adx, fma

Memory: 4k page, system-wide physical 16303M (3109M free)
TotalPageFile size 16303M (AvailPageFile size 19M)
current process WorkingSet (physical memory assigned to process): 623M, peak: 639M
current process commit charge ("private bytes"): 655M, peak: 674M

vm_info: OpenJDK 64-Bit Server VM (11.0.15+0-b2043.56-8887301) for windows-amd64 JRE (11.0.15+0-b2043.56-8887301), built on Jul 29 2022 23:19:47 by "builduser" with unknown MS VC++:1929

END.
